<?xml version="1.0" encoding="UTF-8"?>
<testng-results ignored="0" total="4" passed="3" failed="1" skipped="0">
  <reporter-output>
  </reporter-output>
  <suite started-at="2021-06-23T22:46:48 BST" name="Default suite" finished-at="2021-06-23T22:47:01 BST" duration-ms="13454">
    <groups>
    </groups>
    <test started-at="2021-06-23T22:46:48 BST" name="Default test" finished-at="2021-06-23T22:47:01 BST" duration-ms="13454">
      <class name="SeleniumTest.Day6">
        <test-method is-config="true" signature="beforeTest()[pri:0, instance:SeleniumTest.Day6@16a0ee18]" started-at="2021-06-23T22:46:48 BST" name="beforeTest" finished-at="2021-06-23T22:46:51 BST" duration-ms="3105" status="PASS">
          <reporter-output>
          </reporter-output>
        </test-method> <!-- beforeTest -->
        <test-method signature="TestLogin(java.lang.String,java.lang.String)[pri:0, instance:SeleniumTest.Day6@16a0ee18]" started-at="2021-06-23T22:46:51 BST" name="TestLogin" data-provider="dp" finished-at="2021-06-23T22:46:54 BST" duration-ms="2384" status="PASS">
          <params>
            <param index="0">
              <value>
                <![CDATA[mngr332776]]>
              </value>
            </param>
            <param index="1">
              <value>
                <![CDATA[pwd]]>
              </value>
            </param>
          </params>
          <reporter-output>
          </reporter-output>
        </test-method> <!-- TestLogin -->
        <test-method signature="TestLogin(java.lang.String,java.lang.String)[pri:0, instance:SeleniumTest.Day6@16a0ee18]" started-at="2021-06-23T22:46:54 BST" name="TestLogin" data-provider="dp" finished-at="2021-06-23T22:46:56 BST" duration-ms="2307" status="PASS">
          <params>
            <param index="0">
              <value>
                <![CDATA[test123]]>
              </value>
            </param>
            <param index="1">
              <value>
                <![CDATA[vAvyjem]]>
              </value>
            </param>
          </params>
          <reporter-output>
          </reporter-output>
        </test-method> <!-- TestLogin -->
        <test-method signature="TestLogin(java.lang.String,java.lang.String)[pri:0, instance:SeleniumTest.Day6@16a0ee18]" started-at="2021-06-23T22:46:56 BST" name="TestLogin" data-provider="dp" finished-at="2021-06-23T22:46:58 BST" duration-ms="2336" status="PASS">
          <params>
            <param index="0">
              <value>
                <![CDATA[inval1]]>
              </value>
            </param>
            <param index="1">
              <value>
                <![CDATA[pwd]]>
              </value>
            </param>
          </params>
          <reporter-output>
          </reporter-output>
        </test-method> <!-- TestLogin -->
        <test-method signature="TestLogin(java.lang.String,java.lang.String)[pri:0, instance:SeleniumTest.Day6@16a0ee18]" started-at="2021-06-23T22:46:58 BST" name="TestLogin" data-provider="dp" finished-at="2021-06-23T22:47:01 BST" duration-ms="2772" status="FAIL">
          <params>
            <param index="0">
              <value>
                <![CDATA[mngr332776]]>
              </value>
            </param>
            <param index="1">
              <value>
                <![CDATA[vAvyjem]]>
              </value>
            </param>
          </params>
          <exception class="java.lang.AssertionError">
            <message>
              <![CDATA[expected:<true> but was:<false>]]>
            </message>
            <full-stacktrace>
              <![CDATA[java.lang.AssertionError: expected:<true> but was:<false>
at org.junit.Assert.fail(Assert.java:88)
at org.junit.Assert.failNotEquals(Assert.java:834)
at org.junit.Assert.assertEquals(Assert.java:118)
at org.junit.Assert.assertEquals(Assert.java:144)
at SeleniumTest.Day6.TestLogin(Day6.java:42)
at java.base/jdk.internal.reflect.NativeMethodAccessorImpl.invoke0(Native Method)
at java.base/jdk.internal.reflect.NativeMethodAccessorImpl.invoke(NativeMethodAccessorImpl.java:64)
at java.base/jdk.internal.reflect.DelegatingMethodAccessorImpl.invoke(DelegatingMethodAccessorImpl.java:43)
at java.base/java.lang.reflect.Method.invoke(Method.java:564)
at org.testng.internal.MethodInvocationHelper.invokeMethod(MethodInvocationHelper.java:133)
at org.testng.internal.TestInvoker.invokeMethod(TestInvoker.java:598)
at org.testng.internal.TestInvoker.invokeTestMethod(TestInvoker.java:173)
at org.testng.internal.MethodRunner.runInSequence(MethodRunner.java:46)
at org.testng.internal.TestInvoker$MethodInvocationAgent.invoke(TestInvoker.java:824)
at org.testng.internal.TestInvoker.invokeTestMethods(TestInvoker.java:146)
at org.testng.internal.TestMethodWorker.invokeTestMethods(TestMethodWorker.java:146)
at org.testng.internal.TestMethodWorker.run(TestMethodWorker.java:128)
at java.base/java.util.ArrayList.forEach(ArrayList.java:1511)
at org.testng.TestRunner.privateRun(TestRunner.java:794)
at org.testng.TestRunner.run(TestRunner.java:596)
at org.testng.SuiteRunner.runTest(SuiteRunner.java:377)
at org.testng.SuiteRunner.runSequentially(SuiteRunner.java:371)
at org.testng.SuiteRunner.privateRun(SuiteRunner.java:332)
at org.testng.SuiteRunner.run(SuiteRunner.java:276)
at org.testng.SuiteRunnerWorker.runSuite(SuiteRunnerWorker.java:53)
at org.testng.SuiteRunnerWorker.run(SuiteRunnerWorker.java:96)
at org.testng.TestNG.runSuitesSequentially(TestNG.java:1212)
at org.testng.TestNG.runSuitesLocally(TestNG.java:1134)
at org.testng.TestNG.runSuites(TestNG.java:1063)
at org.testng.TestNG.run(TestNG.java:1031)
at org.testng.remote.AbstractRemoteTestNG.run(AbstractRemoteTestNG.java:115)
at org.testng.remote.RemoteTestNG.initAndRun(RemoteTestNG.java:251)
at org.testng.remote.RemoteTestNG.main(RemoteTestNG.java:77)
]]>
            </full-stacktrace>
          </exception> <!-- java.lang.AssertionError -->
          <reporter-output>
          </reporter-output>
        </test-method> <!-- TestLogin -->
        <test-method is-config="true" signature="afterTest()[pri:0, instance:SeleniumTest.Day6@16a0ee18]" started-at="2021-06-23T22:47:01 BST" name="afterTest" finished-at="2021-06-23T22:47:01 BST" duration-ms="86" status="PASS">
          <reporter-output>
          </reporter-output>
        </test-method> <!-- afterTest -->
      </class> <!-- SeleniumTest.Day6 -->
    </test> <!-- Default test -->
  </suite> <!-- Default suite -->
</testng-results>
